<?xml version='1.0'?>
<ns2:test-suite xmlns:ns2='urn:model.allure.qatools.yandex.ru' start='1718779839163' stop='1718779848472'>
    <name>OrangeHRM Login</name>
    <title>OrangeHRM Login</title>
    <test-cases>
        <test-case start='1718779839196' status='failed' stop='1718779848432'>
            <name>should be verify branding image and logo</name>
            <title>should be verify branding image and logo</title>
            <labels/>
            <parameters/>
            <steps/>
            <attachments/>
            <failure>
                <message>Timed out retrying after 4000ms: Expected to find element: `.orangehrm-login-branding>img`, but never found it.</message>
                <stack-trace>AssertionError: Timed out retrying after 4000ms: Expected to find element: `.orangehrm-login-branding>img`, but never found it.
                    at Context.eval (webpack://cypress_automation/./cypress/e2e/tests/login.cy.js:41:24)</stack-trace>
            </failure>
        </test-case>
    </test-cases>
</ns2:test-suite>