<?xml version='1.0'?>
<ns2:test-suite xmlns:ns2='urn:model.allure.qatools.yandex.ru' start='1719290891430' stop='1719290900822'>
    <name>check UI Elements</name>
    <title>check UI Elements</title>
    <test-cases>
        <test-case start='1719290891430' status='failed' stop='1719290900783'>
            <name>mouse hover</name>
            <title>mouse hover</title>
            <labels/>
            <parameters/>
            <steps/>
            <attachments/>
            <failure>
                <message>Timed out retrying after 4000ms: Expected to find element: `.qstlfY`, but never found it.</message>
                <stack-trace>AssertionError: Timed out retrying after 4000ms: Expected to find element: `.qstlfY`, but never found it.
                    at Context.eval (webpack://cypress_automation/./cypress/e2e/tests/radioBtn.cy.js:45:22)</stack-trace>
            </failure>
        </test-case>
    </test-cases>
</ns2:test-suite>