<?xml version='1.0'?>
<ns2:test-suite xmlns:ns2='urn:model.allure.qatools.yandex.ru' start='1718779928083' stop='1718779938269'>
    <name>OrangeHRM Login</name>
    <title>OrangeHRM Login</title>
    <test-cases>
        <test-case start='1718779928114' status='pending' stop='1718779928114'>
            <name>Should display correct title and URL</name>
            <title>Should display correct title and URL</title>
            <labels/>
            <parameters/>
            <steps/>
            <attachments/>
            <failure>
                <message>Test ignored</message>
                <stack-trace>undefined</stack-trace>
            </failure>
        </test-case>
        <test-case start='1718779928114' status='undefined'>
            <name>Should display correct title and URL</name>
            <title>Should display correct title and URL</title>
            <labels/>
            <parameters/>
            <steps/>
            <attachments/>
        </test-case>
        <test-case start='1718779928114' status='pending' stop='1718779928114'>
            <name>should successfully log in with valid credentials</name>
            <title>should successfully log in with valid credentials</title>
            <labels/>
            <parameters/>
            <steps/>
            <attachments/>
            <failure>
                <message>Test ignored</message>
                <stack-trace>undefined</stack-trace>
            </failure>
        </test-case>
        <test-case start='1718779928114' status='undefined'>
            <name>should successfully log in with valid credentials</name>
            <title>should successfully log in with valid credentials</title>
            <labels/>
            <parameters/>
            <steps/>
            <attachments/>
        </test-case>
        <test-case start='1718779928115' status='pending' stop='1718779928115'>
            <name>should not log in with invalid credentials</name>
            <title>should not log in with invalid credentials</title>
            <labels/>
            <parameters/>
            <steps/>
            <attachments/>
            <failure>
                <message>Test ignored</message>
                <stack-trace>undefined</stack-trace>
            </failure>
        </test-case>
        <test-case start='1718779928115' status='undefined'>
            <name>should not log in with invalid credentials</name>
            <title>should not log in with invalid credentials</title>
            <labels/>
            <parameters/>
            <steps/>
            <attachments/>
        </test-case>
        <test-case start='1718779928115' status='failed' stop='1718779938244'>
            <name>should verify branding image and logo</name>
            <title>should verify branding image and logo</title>
            <labels/>
            <parameters/>
            <steps/>
            <attachments/>
            <failure>
                <message>Timed out retrying after 4000ms: Expected to find element: `.orangehrm-login-branding>img`, but never found it.</message>
                <stack-trace>AssertionError: Timed out retrying after 4000ms: Expected to find element: `.orangehrm-login-branding>img`, but never found it.
                    at Context.eval (webpack://cypress_automation/./cypress/e2e/tests/login.cy.js:41:24)</stack-trace>
            </failure>
        </test-case>
    </test-cases>
</ns2:test-suite>